Build started 14.09.2021 18:49:35.
     1>Project "c:\Users\Ксения\documents\visual studio 2012\Projects\08-prostoe\08-prostoe\08-prostoe.vcxproj" on node 2 (Build target(s)).
     1>ClCompile:
         C:\Program Files (x86)\Microsoft Visual Studio 11.0\VC\bin\CL.exe /c /ZI /nologo /W3 /WX- /Od /Oy- /D _MBCS /Gm /EHsc /RTC1 /MDd /GS /fp:precise /Zc:wchar_t /Zc:forScope /Fo"Debug\\" /Fd"Debug\vc110.pdb" /Gd /TP /analyze- /errorReport:prompt Source.cpp
         Source.cpp
     1>c:\users\ксения\documents\visual studio 2012\projects\08-prostoe\08-prostoe\source.cpp(8): warning C4305: 'initializing' : truncation from 'double' to 'float'
     1>c:\users\ксения\documents\visual studio 2012\projects\08-prostoe\08-prostoe\source.cpp(13): error C2146: syntax error : missing ')' before identifier 'or'
     1>c:\users\ксения\documents\visual studio 2012\projects\08-prostoe\08-prostoe\source.cpp(13): error C2059: syntax error : ')'
     1>c:\users\ксения\documents\visual studio 2012\projects\08-prostoe\08-prostoe\source.cpp(14): error C2143: syntax error : missing ';' before '{'
     1>c:\users\ксения\documents\visual studio 2012\projects\08-prostoe\08-prostoe\source.cpp(13): error C3861: 'or': identifier not found
     1>c:\users\ксения\documents\visual studio 2012\projects\08-prostoe\08-prostoe\source.cpp(17): error C2181: illegal else without matching if
     1>Done Building Project "c:\Users\Ксения\documents\visual studio 2012\Projects\08-prostoe\08-prostoe\08-prostoe.vcxproj" (Build target(s)) -- FAILED.

Build FAILED.

Time Elapsed 00:00:00.63
